

SQLcl: Release 23.2 Production on Wed Apr 03 02:36:13 2024

Copyright (c) 1982, 2024, Oracle.  All rights reserved.

Connected.

User AQUSER created.


Grant succeeded.


Grant succeeded.


Grant succeeded.


Grant succeeded.


Grant succeeded.


Grant succeeded.


Grant succeeded.


Grant succeeded.


Grant succeeded.


Grant succeeded.


Grant succeeded.


Grant succeeded.


Grant succeeded.


Grant succeeded.


User BANKAUSER created.


Grant succeeded.


Grant succeeded.


Grant succeeded.


Grant succeeded.


Grant succeeded.


Grant succeeded.


Grant succeeded.


Grant succeeded.


Grant succeeded.


User BANKBUSER created.


Grant succeeded.


Grant succeeded.


Grant succeeded.


Grant succeeded.


Grant succeeded.


Grant succeeded.


Grant succeeded.


Grant succeeded.


Grant succeeded.

Connected.

PL/SQL procedure successfully completed.


PL/SQL procedure successfully completed.

Connected.

Table BANKAUSER.ACCOUNTS created.


1 row inserted.


1 row inserted.


1 row inserted.

Connected.

Table BANKBUSER.ACCOUNTS created.


1 row inserted.


1 row inserted.


1 row inserted.

Disconnected from Oracle Database 19c Enterprise Edition Release 19.0.0.0.0 - Production
Version 19.23.0.1.0
